from presto import *
import numpyio
file = open("/pulsar/data/M15short/supershort.fft", 'r')
data = numpyio.fread(file, 500000, 'F')
file.close()
inf = read_inffile("/pulsar/data/M15short/supershort")
show_ffdot_plane(data, 68603, 0.0)
nextplotpage()
nextpageplot()
dir()
from Pgplot import *
nextplotpage()
show_ffdot_plane(data, 68603*2, 0.0)
nextplotpage()
show_ffdot_plane(data, 90223, 0.0)
show_ffdot_plane(data, 90223*2, 0.0)
nextplotpage()
show_ffdot_plane(data, 90223*2, 0.0)
nextplotpage()
show_ffdot_plane(data, 90223/2, 0.0)
nextplotpage()
show_ffdot_plane(data, 69986, 0.0)
nextplotpage()
show_ffdot_plane(data, 69986, 200.0)
nextplotpage()
show_ffdot_plane(data, 69986-100, 200.0)
nextplotpage()
show_ffdot_plane(data, 35114, 0.0)
nextplotpage()
show_ffdot_plane(data, 35114*2, 0.0)
nextplotpage()
show_ffdot_plane(data, 35114*3, 0.0)
nextplotpage()
show_ffdot_plane(data, 49377, 0.0)
nextplotpage()
show_ffdot_plane(data, 49377*2, 0.0)
nextplotpage()
show_ffdot_plane(data, 44450, 0.0)
nextplotpage()
show_ffdot_plane(data, 44450*2, 0.0)
nextplotpage()
show_ffdot_plane(data, 44450*3, 0.0)
nextplotpage()
show_ffdot_plane(data, 44450*3, 100.0)
nextplotpage()
show_ffdot_plane(data, 44450*3, -100.0)
nextplotpage()
show_ffdot_plane(data, 44450*3, 0.0)
closeplot()
